0 info it worked if it ends with ok
1 verbose cli [ '/Users/francois/.nvm/versions/node/v5.0.0/bin/node',
1 verbose cli   '/Users/francois/.nvm/versions/node/v5.0.0/bin/npm',
1 verbose cli   'version',
1 verbose cli   'major' ]
2 info using npm@3.3.6
3 info using node@v5.0.0
4 info git [ 'status', '--porcelain' ]
5 verbose stack Error: Git working directory not clean.
5 verbose stack M Readme.md
5 verbose stack M example/app.js
5 verbose stack M example/package.json
5 verbose stack M index.js
5 verbose stack M package.json
5 verbose stack M sheet.js
5 verbose stack D test/main.js
5 verbose stack     at /Users/francois/.nvm/versions/node/v5.0.0/lib/node_modules/npm/lib/version.js:172:21
5 verbose stack     at ChildProcess.exithandler (child_process.js:194:7)
5 verbose stack     at emitTwo (events.js:87:13)
5 verbose stack     at ChildProcess.emit (events.js:172:7)
5 verbose stack     at maybeClose (internal/child_process.js:818:16)
5 verbose stack     at Socket.<anonymous> (internal/child_process.js:319:11)
5 verbose stack     at emitOne (events.js:77:13)
5 verbose stack     at Socket.emit (events.js:169:7)
5 verbose stack     at Pipe._onclose (net.js:469:12)
6 verbose cwd /Users/francois/dev/made/Node-Excel-Export
7 error Darwin 16.4.0
8 error argv "/Users/francois/.nvm/versions/node/v5.0.0/bin/node" "/Users/francois/.nvm/versions/node/v5.0.0/bin/npm" "version" "major"
9 error node v5.0.0
10 error npm  v3.3.6
11 error Git working directory not clean.
11 error M Readme.md
11 error M example/app.js
11 error M example/package.json
11 error M index.js
11 error M package.json
11 error M sheet.js
11 error D test/main.js
12 error If you need help, you may report this error at:
12 error     <https://github.com/npm/npm/issues>
13 verbose exit [ 1, true ]
